DiagnosticsPluginLauncher.exe Information: 0 : [2/22/2017 6:18:33 AM] At least one other instance of the launcher is running. Will wait until they all finish
DiagnosticsPluginLauncher.exe Information: 0 : [2/22/2017 6:18:33 AM] Service running in Emulator Mode, will not wait/kill other instances of the launcher
DiagnosticsPluginLauncher.exe Information: 0 : [2/22/2017 6:18:33 AM] Emulator config file set to C:\Users\iGuest\Documents\crawler\PA3\csx\Debug\roles\WebRole1\approot\diagnostics.wadcfgx
DiagnosticsPluginLauncher.exe Information: 0 : [2/22/2017 6:18:33 AM] DiagnosticsStoreRootPath set to: C:\Users\iGuest\AppData\Local\dftmp\Resources\81552786-1a14-4041-9e8a-177b5354e018
DiagnosticsPluginLauncher.exe Information: 0 : [2/22/2017 6:18:33 AM] Loading config file: C:\Users\iGuest\Documents\crawler\PA3\csx\Debug\roles\WebRole1\approot\diagnostics.wadcfgx
DiagnosticsPluginLauncher.exe Information: 0 : [2/22/2017 6:18:33 AM] Config file to read: C:\Users\iGuest\Documents\crawler\PA3\csx\Debug\roles\WebRole1\approot\diagnostics.wadcfgx
DiagnosticsPluginLauncher.exe Information: 0 : [2/22/2017 6:18:33 AM] Checking VM Type
DiagnosticsPluginLauncher.exe Information: 0 : [2/22/2017 6:18:33 AM] Emulator config file set to C:\Users\iGuest\Documents\crawler\PA3\csx\Debug\roles\WebRole1\approot\diagnostics.wadcfgx
DiagnosticsPluginLauncher.exe Information: 0 : [2/22/2017 6:18:33 AM] Extension set to Emulator Mode
DiagnosticsPluginLauncher.exe Information: 0 : [2/22/2017 6:18:33 AM] Reading XML configuration file
DiagnosticsPluginLauncher.exe Information: 0 : [2/22/2017 6:18:33 AM] Bypassing private config decryption
DiagnosticsPluginLauncher.exe Information: 0 : [2/22/2017 6:18:33 AM] Stopping the running plugin, if any
DiagnosticsPluginLauncher.exe Information: 0 : [2/22/2017 6:18:38 AM] No DiagnosticsPlugin is running.
DiagnosticsPluginLauncher.exe Information: 0 : [2/22/2017 6:18:38 AM] Killing any DiagnosticsPlugin that might remain.
DiagnosticsPluginLauncher.exe Information: 0 : [2/22/2017 6:18:38 AM] Found a DiagnosticsPlugin.exe. WadArguments: "C:\Users\iGuest\Documents\crawler\PA3\csx\Debug\roles\WorkerRole1\plugins\Diagnostics\DiagnosticsPlugin.exe" DiagnosticPlugin-ShutdownEvent DiagnosticPlugin-TotalShutdownEvent -wadVer1v5.
DiagnosticsPluginLauncher.exe Information: 0 : [2/22/2017 6:19:38 AM] Forcefully terminated DiagnosticsPlugin.exe process with pid 6788
DiagnosticsPluginLauncher.exe Information: 0 : [2/22/2017 6:19:38 AM] Killing any MonAgentHost that might remain.
DiagnosticsPluginLauncher.exe Information: 0 : [2/22/2017 6:19:38 AM] Found a MonAgentHost.exe. WadArguments: "C:\Users\iGuest\Documents\crawler\PA3\csx\Debug\roles\WorkerRole1\plugins\Diagnostics\Monitor\x64\MonAgentHost.exe" -LocalPath "C:\Users\iGuest\AppData\Local\dftmp\Resources\350209e9-f289-4cd8-9b58-e5109299bab8\WAD0105"  -ConfigFile "C:\Users\iGuest\AppData\Local\dftmp\Resources\350209e9-f289-4cd8-9b58-e5109299bab8\WAD0105\Configuration\MaConfig.xml" -ShutDownEvent WADDM-ShutDown-04364a3a59064b56928415665e7a1dc6  -TotalShutDownEvent WADDM-TotalShutDown-04364a3a59064b56928415665e7a1dc6 -InitializedEvent WADM-StartUp-04364a3a59064b56928415665e7a1dc6 -parent 6788 -events -wadVer1v5 -UseProxyServer -XStoreAccounts WadAccount#true#devstoreaccount1#Eby8vdM02xNOcqFlqUwJPLlmEtlCDXJ1OUzFT50uSRZ6IFsuFq2UVErCz4I6tq/K1SZFPTOtr/KBHBeksoGMGw==#http://127.0.0.1:10002#http://127.0.0.1:10001#http://127.0.0.1:10000.
DiagnosticsPluginLauncher.exe Information: 0 : [2/22/2017 6:19:42 AM] Diagnostics plugin stopped successfully
DiagnosticsPluginLauncher.exe Information: 0 : [2/22/2017 6:19:42 AM] Resetting DiagnosticPlugin
DiagnosticsPluginLauncher.exe Information: 0 : [2/22/2017 6:20:55 AM] DiagnosticsPlugin launched successfully with new configuration
DiagnosticsPluginLauncher.exe Information: 0 : [2/22/2017 6:20:55 AM] DiagnosticPlugin exited with code 0
